{"/istanbul-slack-notify/src/build-info.js": {"path":"/istanbul-slack-notify/src/build-info.js","statementMap":{"0":{"start":{"line":1,"column":16},"end":{"line":1,"column":46}},"1":{"start":{"line":2,"column":12},"end":{"line":2,"column":30}},"2":{"start":{"line":7,"column":8},"end":{"line":20,"column":11}},"3":{"start":{"line":8,"column":25},"end":{"line":10,"column":14}},"4":{"start":{"line":9,"column":16},"end":{"line":9,"column":36}},"5":{"start":{"line":11,"column":26},"end":{"line":13,"column":14}},"6":{"start":{"line":12,"column":16},"end":{"line":12,"column":34}},"7":{"start":{"line":15,"column":12},"end":{"line":19,"column":15}},"8":{"start":{"line":16,"column":16},"end":{"line":18,"column":18}},"9":{"start":{"line":24,"column":0},"end":{"line":24,"column":27}}},"fnMap":{"0":{"name":"(anonymous_0)","decl":{"start":{"line":6,"column":4},"end":{"line":6,"column":5}},"loc":{"start":{"line":6,"column":17},"end":{"line":21,"column":5}},"line":6},"1":{"name":"(anonymous_1)","decl":{"start":{"line":7,"column":27},"end":{"line":7,"column":28}},"loc":{"start":{"line":7,"column":48},"end":{"line":20,"column":9}},"line":7},"2":{"name":"(anonymous_2)","decl":{"start":{"line":8,"column":37},"end":{"line":8,"column":38}},"loc":{"start":{"line":8,"column":58},"end":{"line":10,"column":13}},"line":8},"3":{"name":"(anonymous_3)","decl":{"start":{"line":11,"column":38},"end":{"line":11,"column":39}},"loc":{"start":{"line":11,"column":59},"end":{"line":13,"column":13}},"line":11},"4":{"name":"(anonymous_4)","decl":{"start":{"line":15,"column":48},"end":{"line":15,"column":49}},"loc":{"start":{"line":15,"column":58},"end":{"line":19,"column":13}},"line":15}},"branchMap":{},"s":{"0":1,"1":1,"2":0,"3":0,"4":0,"5":0,"6":0,"7":0,"8":0,"9":1},"f":{"0":0,"1":0,"2":0,"3":0,"4":0},"b":{},"_coverageSchema":"332fd63041d2c1bcb487cc26dd0d5f7d97098a6c","hash":"cc593af670daaf7c89eefffa7a9fd830392f8f19"}
,"/istanbul-slack-notify/src/istanbul-report.js": {"path":"/istanbul-slack-notify/src/istanbul-report.js","statementMap":{"0":{"start":{"line":1,"column":16},"end":{"line":1,"column":46}},"1":{"start":{"line":2,"column":17},"end":{"line":2,"column":36}},"2":{"start":{"line":3,"column":11},"end":{"line":3,"column":24}},"3":{"start":{"line":8,"column":8},"end":{"line":8,"column":33}},"4":{"start":{"line":12,"column":20},"end":{"line":12,"column":53}},"5":{"start":{"line":13,"column":8},"end":{"line":13,"column":72}},"6":{"start":{"line":13,"column":36},"end":{"line":13,"column":70}},"7":{"start":{"line":15,"column":8},"end":{"line":32,"column":11}},"8":{"start":{"line":16,"column":30},"end":{"line":16,"column":54}},"9":{"start":{"line":17,"column":29},"end":{"line":17,"column":52}},"10":{"start":{"line":18,"column":12},"end":{"line":18,"column":46}},"11":{"start":{"line":20,"column":12},"end":{"line":30,"column":13}},"12":{"start":{"line":21,"column":16},"end":{"line":21,"column":98}},"13":{"start":{"line":21,"column":40},"end":{"line":21,"column":96}},"14":{"start":{"line":22,"column":16},"end":{"line":27,"column":19}},"15":{"start":{"line":23,"column":20},"end":{"line":25,"column":21}},"16":{"start":{"line":24,"column":24},"end":{"line":24,"column":43}},"17":{"start":{"line":26,"column":20},"end":{"line":26,"column":37}},"18":{"start":{"line":29,"column":16},"end":{"line":29,"column":104}},"19":{"start":{"line":36,"column":30},"end":{"line":36,"column":87}},"20":{"start":{"line":37,"column":24},"end":{"line":37,"column":47}},"21":{"start":{"line":38,"column":23},"end":{"line":45,"column":10}},"22":{"start":{"line":39,"column":12},"end":{"line":44,"column":14}},"23":{"start":{"line":40,"column":16},"end":{"line":42,"column":17}},"24":{"start":{"line":41,"column":20},"end":{"line":41,"column":31}},"25":{"start":{"line":43,"column":16},"end":{"line":43,"column":30}},"26":{"start":{"line":46,"column":8},"end":{"line":62,"column":15}},"27":{"start":{"line":48,"column":16},"end":{"line":61,"column":17}},"28":{"start":{"line":49,"column":34},"end":{"line":49,"column":50}},"29":{"start":{"line":50,"column":35},"end":{"line":55,"column":21}},"30":{"start":{"line":56,"column":20},"end":{"line":56,"column":136}},"31":{"start":{"line":57,"column":20},"end":{"line":57,"column":71}},"32":{"start":{"line":58,"column":20},"end":{"line":58,"column":53}},"33":{"start":{"line":60,"column":20},"end":{"line":60,"column":60}},"34":{"start":{"line":67,"column":0},"end":{"line":67,"column":32}}},"fnMap":{"0":{"name":"(anonymous_0)","decl":{"start":{"line":7,"column":4},"end":{"line":7,"column":5}},"loc":{"start":{"line":7,"column":26},"end":{"line":9,"column":5}},"line":7},"1":{"name":"(anonymous_1)","decl":{"start":{"line":11,"column":4},"end":{"line":11,"column":5}},"loc":{"start":{"line":11,"column":22},"end":{"line":33,"column":5}},"line":11},"2":{"name":"(anonymous_2)","decl":{"start":{"line":13,"column":26},"end":{"line":13,"column":27}},"loc":{"start":{"line":13,"column":36},"end":{"line":13,"column":70}},"line":13},"3":{"name":"(anonymous_3)","decl":{"start":{"line":15,"column":27},"end":{"line":15,"column":28}},"loc":{"start":{"line":15,"column":48},"end":{"line":32,"column":9}},"line":15},"4":{"name":"(anonymous_4)","decl":{"start":{"line":21,"column":30},"end":{"line":21,"column":31}},"loc":{"start":{"line":21,"column":40},"end":{"line":21,"column":96}},"line":21},"5":{"name":"(anonymous_5)","decl":{"start":{"line":22,"column":49},"end":{"line":22,"column":50}},"loc":{"start":{"line":22,"column":58},"end":{"line":27,"column":17}},"line":22},"6":{"name":"(anonymous_6)","decl":{"start":{"line":35,"column":4},"end":{"line":35,"column":5}},"loc":{"start":{"line":35,"column":21},"end":{"line":63,"column":5}},"line":35},"7":{"name":"(anonymous_7)","decl":{"start":{"line":38,"column":35},"end":{"line":38,"column":36}},"loc":{"start":{"line":38,"column":56},"end":{"line":45,"column":9}},"line":38},"8":{"name":"(anonymous_8)","decl":{"start":{"line":39,"column":50},"end":{"line":39,"column":51}},"loc":{"start":{"line":39,"column":65},"end":{"line":44,"column":13}},"line":39},"9":{"name":"(anonymous_9)","decl":{"start":{"line":47,"column":18},"end":{"line":47,"column":19}},"loc":{"start":{"line":47,"column":28},"end":{"line":62,"column":13}},"line":47}},"branchMap":{"0":{"loc":{"start":{"line":12,"column":20},"end":{"line":12,"column":53}},"type":"binary-expr","locations":[{"start":{"line":12,"column":20},"end":{"line":12,"column":47}},{"start":{"line":12,"column":51},"end":{"line":12,"column":53}}],"line":12},"1":{"loc":{"start":{"line":23,"column":20},"end":{"line":25,"column":21}},"type":"if","locations":[{"start":{"line":23,"column":20},"end":{"line":25,"column":21}},{"start":{"line":23,"column":20},"end":{"line":25,"column":21}}],"line":23},"2":{"loc":{"start":{"line":40,"column":16},"end":{"line":42,"column":17}},"type":"if","locations":[{"start":{"line":40,"column":16},"end":{"line":42,"column":17}},{"start":{"line":40,"column":16},"end":{"line":42,"column":17}}],"line":40}},"s":{"0":1,"1":1,"2":1,"3":3,"4":1,"5":1,"6":1,"7":1,"8":1,"9":1,"10":1,"11":1,"12":1,"13":1,"14":1,"15":1,"16":0,"17":1,"18":0,"19":1,"20":1,"21":1,"22":1,"23":1,"24":0,"25":1,"26":1,"27":1,"28":1,"29":1,"30":1,"31":1,"32":1,"33":0,"34":1},"f":{"0":3,"1":1,"2":1,"3":1,"4":1,"5":1,"6":1,"7":1,"8":1,"9":1},"b":{"0":[1,0],"1":[0,1],"2":[0,1]},"_coverageSchema":"332fd63041d2c1bcb487cc26dd0d5f7d97098a6c","hash":"13cfaae1d02bcb959f017a5efec8e0a57970e762"}
,"/istanbul-slack-notify/src/slack-notify.js": {"path":"/istanbul-slack-notify/src/slack-notify.js","statementMap":{"0":{"start":{"line":1,"column":16},"end":{"line":1,"column":46}},"1":{"start":{"line":2,"column":14},"end":{"line":2,"column":35}},"2":{"start":{"line":6,"column":8},"end":{"line":6,"column":33}},"3":{"start":{"line":10,"column":23},"end":{"line":10,"column":68}},"4":{"start":{"line":11,"column":19},"end":{"line":11,"column":72}},"5":{"start":{"line":12,"column":25},"end":{"line":12,"column":54}},"6":{"start":{"line":13,"column":22},"end":{"line":13,"column":48}},"7":{"start":{"line":14,"column":24},"end":{"line":16,"column":46}},"8":{"start":{"line":18,"column":8},"end":{"line":20,"column":9}},"9":{"start":{"line":19,"column":12},"end":{"line":19,"column":87}},"10":{"start":{"line":22,"column":22},"end":{"line":22,"column":33}},"11":{"start":{"line":23,"column":8},"end":{"line":23,"column":37}},"12":{"start":{"line":25,"column":8},"end":{"line":25,"column":26}},"13":{"start":{"line":26,"column":24},"end":{"line":67,"column":9}},"14":{"start":{"line":69,"column":8},"end":{"line":82,"column":11}},"15":{"start":{"line":70,"column":28},"end":{"line":72,"column":20}},"16":{"start":{"line":71,"column":16},"end":{"line":71,"column":73}},"17":{"start":{"line":74,"column":12},"end":{"line":81,"column":15}},"18":{"start":{"line":75,"column":16},"end":{"line":75,"column":45}},"19":{"start":{"line":76,"column":16},"end":{"line":76,"column":38}},"20":{"start":{"line":77,"column":16},"end":{"line":79,"column":17}},"21":{"start":{"line":78,"column":20},"end":{"line":78,"column":39}},"22":{"start":{"line":80,"column":16},"end":{"line":80,"column":37}},"23":{"start":{"line":86,"column":0},"end":{"line":86,"column":29}}},"fnMap":{"0":{"name":"(anonymous_0)","decl":{"start":{"line":5,"column":4},"end":{"line":5,"column":5}},"loc":{"start":{"line":5,"column":26},"end":{"line":7,"column":5}},"line":5},"1":{"name":"(anonymous_1)","decl":{"start":{"line":9,"column":4},"end":{"line":9,"column":5}},"loc":{"start":{"line":9,"column":27},"end":{"line":83,"column":5}},"line":9},"2":{"name":"(anonymous_2)","decl":{"start":{"line":69,"column":27},"end":{"line":69,"column":28}},"loc":{"start":{"line":69,"column":48},"end":{"line":82,"column":9}},"line":69},"3":{"name":"(anonymous_3)","decl":{"start":{"line":70,"column":39},"end":{"line":70,"column":40}},"loc":{"start":{"line":70,"column":45},"end":{"line":72,"column":13}},"line":70},"4":{"name":"(anonymous_4)","decl":{"start":{"line":74,"column":35},"end":{"line":74,"column":36}},"loc":{"start":{"line":74,"column":44},"end":{"line":81,"column":13}},"line":74}},"branchMap":{"0":{"loc":{"start":{"line":10,"column":23},"end":{"line":10,"column":68}},"type":"binary-expr","locations":[{"start":{"line":10,"column":23},"end":{"line":10,"column":50}},{"start":{"line":10,"column":54},"end":{"line":10,"column":68}}],"line":10},"1":{"loc":{"start":{"line":11,"column":19},"end":{"line":11,"column":72}},"type":"binary-expr","locations":[{"start":{"line":11,"column":19},"end":{"line":11,"column":43}},{"start":{"line":11,"column":47},"end":{"line":11,"column":72}}],"line":11},"2":{"loc":{"start":{"line":14,"column":24},"end":{"line":16,"column":46}},"type":"cond-expr","locations":[{"start":{"line":15,"column":12},"end":{"line":15,"column":46}},{"start":{"line":16,"column":12},"end":{"line":16,"column":46}}],"line":14},"3":{"loc":{"start":{"line":18,"column":8},"end":{"line":20,"column":9}},"type":"if","locations":[{"start":{"line":18,"column":8},"end":{"line":20,"column":9}},{"start":{"line":18,"column":8},"end":{"line":20,"column":9}}],"line":18},"4":{"loc":{"start":{"line":77,"column":16},"end":{"line":79,"column":17}},"type":"if","locations":[{"start":{"line":77,"column":16},"end":{"line":79,"column":17}},{"start":{"line":77,"column":16},"end":{"line":79,"column":17}}],"line":77}},"s":{"0":1,"1":1,"2":0,"3":0,"4":0,"5":0,"6":0,"7":0,"8":0,"9":0,"10":0,"11":0,"12":0,"13":0,"14":0,"15":0,"16":0,"17":0,"18":0,"19":0,"20":0,"21":0,"22":0,"23":1},"f":{"0":0,"1":0,"2":0,"3":0,"4":0},"b":{"0":[0,0],"1":[0,0],"2":[0,0],"3":[0,0],"4":[0,0]},"_coverageSchema":"332fd63041d2c1bcb487cc26dd0d5f7d97098a6c","hash":"82b3d5266630c24c6f3c59d6f03c0a300240719a"}
}
