{
  "/src/commit-info.js": {
    "path": "/src/commit-info.js",
    "statementMap": {
      "0": {
        "start": {"line": 5, "column": 4},
        "end": {"line": 14, "column": 7}
      },
      "1": {
        "start": {"line": 6, "column": 6},
        "end": {"line": 13, "column": 9}
      },
      "2": {
        "start": {"line": 7, "column": 8},
        "end": {"line": 10, "column": 9}
      },
      "3": {
        "start": {"line": 8, "column": 10},
        "end": {"line": 8, "column": 30}
      },
      "4": {
        "start": {"line": 9, "column": 10},
        "end": {"line": 9, "column": 29}
      },
      "5": {
        "start": {"line": 11, "column": 25},
        "end": {"line": 11, "column": 50}
      },
      "6": {
        "start": {"line": 12, "column": 8},
        "end": {"line": 12, "column": 35}
      },
      "7": {
        "start": {"line": 21, "column": 22},
        "end": {"line": 21, "column": 79}
      },
      "8": {
        "start": {"line": 22, "column": 4},
        "end": {"line": 22, "column": 88}
      },
      "9": {
        "start": {"line": 26, "column": 20},
        "end": {"line": 26, "column": 37}
      },
      "10": {
        "start": {"line": 27, "column": 22},
        "end": {"line": 27, "column": 49}
      },
      "11": {
        "start": {"line": 28, "column": 4},
        "end": {"line": 36, "column": 6}
      },
      "12": {
        "start": {"line": 40, "column": 15},
        "end": {"line": 40, "column": 24}
      },
      "13": {
        "start": {"line": 41, "column": 4},
        "end": {"line": 41, "column": 23}
      },
      "14": {
        "start": {"line": 42, "column": 4},
        "end": {"line": 42, "column": 33}
      },
      "15": {
        "start": {"line": 43, "column": 4},
        "end": {"line": 43, "column": 33}
      },
      "16": {
        "start": {"line": 44, "column": 4},
        "end": {"line": 44, "column": 28}
      }
    },
    "fnMap": {
      "0": {
        "name": "(anonymous_0)",
        "decl": {
          "start": {"line": 4, "column": 2},
          "end": {"line": 4, "column": 3}
        },
        "loc": {
          "start": {"line": 4, "column": 15},
          "end": {"line": 15, "column": 3}
        },
        "line": 4
      },
      "1": {
        "name": "(anonymous_1)",
        "decl": {
          "start": {"line": 5, "column": 23},
          "end": {"line": 5, "column": 24}
        },
        "loc": {
          "start": {"line": 5, "column": 44},
          "end": {"line": 14, "column": 5}
        },
        "line": 5
      },
      "2": {
        "name": "(anonymous_2)",
        "decl": {
          "start": {"line": 6, "column": 30},
          "end": {"line": 6, "column": 31}
        },
        "loc": {
          "start": {"line": 6, "column": 55},
          "end": {"line": 13, "column": 7}
        },
        "line": 6
      },
      "3": {
        "name": "(anonymous_3)",
        "decl": {
          "start": {"line": 20, "column": 2},
          "end": {"line": 20, "column": 3}
        },
        "loc": {
          "start": {"line": 20, "column": 22},
          "end": {"line": 23, "column": 3}
        },
        "line": 20
      },
      "4": {
        "name": "(anonymous_4)",
        "decl": {
          "start": {"line": 25, "column": 2},
          "end": {"line": 25, "column": 3}
        },
        "loc": {
          "start": {"line": 25, "column": 28},
          "end": {"line": 37, "column": 3}
        },
        "line": 25
      },
      "5": {
        "name": "(anonymous_5)",
        "decl": {
          "start": {"line": 39, "column": 2},
          "end": {"line": 39, "column": 3}
        },
        "loc": {
          "start": {"line": 39, "column": 31},
          "end": {"line": 45, "column": 3}
        },
        "line": 39
      }
    },
    "branchMap": {
      "0": {
        "loc": {
          "start": {"line": 7, "column": 8},
          "end": {"line": 10, "column": 9}
        },
        "type": "if",
        "locations": [
          {
            "start": {"line": 7, "column": 8},
            "end": {"line": 10, "column": 9}
          },
          {"start": {}, "end": {}}
        ],
        "line": 7
      }
    },
    "s": {
      "0": 0,
      "1": 0,
      "2": 0,
      "3": 0,
      "4": 0,
      "5": 0,
      "6": 0,
      "7": 0,
      "8": 0,
      "9": 0,
      "10": 0,
      "11": 0,
      "12": 0,
      "13": 0,
      "14": 0,
      "15": 0,
      "16": 0
    },
    "f": {"0": 0, "1": 0, "2": 0, "3": 0, "4": 0, "5": 0},
    "b": {"0": [0, 0]}
  },
  "/src/nyc-report.js": {
    "path": "/src/nyc-report.js",
    "statementMap": {
      "0": {
        "start": {"line": 6, "column": 8},
        "end": {"line": 6, "column": 39}
      },
      "1": {
        "start": {"line": 7, "column": 8},
        "end": {"line": 7, "column": 62}
      },
      "2": {
        "start": {"line": 8, "column": 8},
        "end": {"line": 8, "column": 80}
      },
      "3": {
        "start": {"line": 9, "column": 8},
        "end": {"line": 9, "column": 102}
      },
      "4": {
        "start": {"line": 10, "column": 8},
        "end": {"line": 10, "column": 98}
      },
      "5": {
        "start": {"line": 11, "column": 8},
        "end": {"line": 11, "column": 56}
      },
      "6": {
        "start": {"line": 12, "column": 8},
        "end": {"line": 14, "column": 9}
      },
      "7": {
        "start": {"line": 13, "column": 12},
        "end": {"line": 13, "column": 100}
      },
      "8": {
        "start": {"line": 18, "column": 8},
        "end": {"line": 24, "column": 9}
      },
      "9": {
        "start": {"line": 19, "column": 12},
        "end": {"line": 19, "column": 41}
      },
      "10": {
        "start": {"line": 20, "column": 15},
        "end": {"line": 24, "column": 9}
      },
      "11": {
        "start": {"line": 21, "column": 12},
        "end": {"line": 21, "column": 42}
      },
      "12": {
        "start": {"line": 22, "column": 15},
        "end": {"line": 24, "column": 9}
      },
      "13": {
        "start": {"line": 23, "column": 12},
        "end": {"line": 23, "column": 40}
      },
      "14": {
        "start": {"line": 28, "column": 30},
        "end": {"line": 28, "column": 56}
      },
      "15": {
        "start": {"line": 29, "column": 8},
        "end": {"line": 46, "column": 11}
      },
      "16": {
        "start": {"line": 30, "column": 24},
        "end": {"line": 30, "column": 35}
      },
      "17": {
        "start": {"line": 31, "column": 12},
        "end": {"line": 45, "column": 19}
      },
      "18": {
        "start": {"line": 33, "column": 20},
        "end": {"line": 40, "column": 21}
      },
      "19": {
        "start": {"line": 34, "column": 24},
        "end": {"line": 34, "column": 58}
      },
      "20": {
        "start": {"line": 35, "column": 24},
        "end": {"line": 35, "column": 41}
      },
      "21": {
        "start": {"line": 36, "column": 24},
        "end": {"line": 36, "column": 48}
      },
      "22": {
        "start": {"line": 38, "column": 24},
        "end": {"line": 38, "column": 56}
      },
      "23": {
        "start": {"line": 39, "column": 24},
        "end": {"line": 39, "column": 109}
      },
      "24": {
        "start": {"line": 43, "column": 20},
        "end": {"line": 43, "column": 52}
      },
      "25": {
        "start": {"line": 44, "column": 20},
        "end": {"line": 44, "column": 104}
      },
      "26": {
        "start": {"line": 50, "column": 30},
        "end": {"line": 50, "column": 85}
      },
      "27": {
        "start": {"line": 51, "column": 21},
        "end": {"line": 51, "column": 62}
      },
      "28": {
        "start": {"line": 52, "column": 22},
        "end": {"line": 52, "column": 38}
      },
      "29": {
        "start": {"line": 53, "column": 23},
        "end": {"line": 58, "column": 9}
      },
      "30": {
        "start": {"line": 59, "column": 8},
        "end": {"line": 59, "column": 111}
      },
      "31": {
        "start": {"line": 60, "column": 8},
        "end": {"line": 60, "column": 67}
      },
      "32": {
        "start": {"line": 61, "column": 8},
        "end": {"line": 61, "column": 53}
      },
      "33": {
        "start": {"line": 62, "column": 8},
        "end": {"line": 62, "column": 71}
      },
      "34": {
        "start": {"line": 63, "column": 8},
        "end": {"line": 63, "column": 41}
      }
    },
    "fnMap": {
      "0": {
        "name": "(anonymous_0)",
        "decl": {
          "start": {"line": 5, "column": 4},
          "end": {"line": 5, "column": 5}
        },
        "loc": {
          "start": {"line": 5, "column": 26},
          "end": {"line": 15, "column": 5}
        },
        "line": 5
      },
      "1": {
        "name": "(anonymous_1)",
        "decl": {
          "start": {"line": 17, "column": 4},
          "end": {"line": 17, "column": 5}
        },
        "loc": {
          "start": {"line": 17, "column": 33},
          "end": {"line": 25, "column": 5}
        },
        "line": 17
      },
      "2": {
        "name": "(anonymous_2)",
        "decl": {
          "start": {"line": 27, "column": 4},
          "end": {"line": 27, "column": 5}
        },
        "loc": {
          "start": {"line": 27, "column": 22},
          "end": {"line": 47, "column": 5}
        },
        "line": 27
      },
      "3": {
        "name": "(anonymous_3)",
        "decl": {
          "start": {"line": 29, "column": 27},
          "end": {"line": 29, "column": 28}
        },
        "loc": {
          "start": {"line": 29, "column": 48},
          "end": {"line": 46, "column": 9}
        },
        "line": 29
      },
      "4": {
        "name": "(anonymous_4)",
        "decl": {
          "start": {"line": 32, "column": 22},
          "end": {"line": 32, "column": 23}
        },
        "loc": {
          "start": {"line": 32, "column": 31},
          "end": {"line": 41, "column": 17}
        },
        "line": 32
      },
      "5": {
        "name": "(anonymous_5)",
        "decl": {
          "start": {"line": 42, "column": 23},
          "end": {"line": 42, "column": 24}
        },
        "loc": {
          "start": {"line": 42, "column": 30},
          "end": {"line": 45, "column": 17}
        },
        "line": 42
      },
      "6": {
        "name": "(anonymous_6)",
        "decl": {
          "start": {"line": 49, "column": 4},
          "end": {"line": 49, "column": 5}
        },
        "loc": {
          "start": {"line": 49, "column": 21},
          "end": {"line": 64, "column": 5}
        },
        "line": 49
      }
    },
    "branchMap": {
      "0": {
        "loc": {
          "start": {"line": 6, "column": 24},
          "end": {"line": 6, "column": 38}
        },
        "type": "binary-expr",
        "locations": [
          {
            "start": {"line": 6, "column": 24},
            "end": {"line": 6, "column": 32}
          },
          {
            "start": {"line": 6, "column": 36},
            "end": {"line": 6, "column": 38}
          }
        ],
        "line": 6
      },
      "1": {
        "loc": {
          "start": {"line": 7, "column": 32},
          "end": {"line": 7, "column": 61}
        },
        "type": "binary-expr",
        "locations": [
          {
            "start": {"line": 7, "column": 32},
            "end": {"line": 7, "column": 53}
          },
          {
            "start": {"line": 7, "column": 57},
            "end": {"line": 7, "column": 61}
          }
        ],
        "line": 7
      },
      "2": {
        "loc": {
          "start": {"line": 8, "column": 37},
          "end": {"line": 8, "column": 79}
        },
        "type": "binary-expr",
        "locations": [
          {
            "start": {"line": 8, "column": 37},
            "end": {"line": 8, "column": 63}
          },
          {
            "start": {"line": 8, "column": 67},
            "end": {"line": 8, "column": 79}
          }
        ],
        "line": 8
      },
      "3": {
        "loc": {
          "start": {"line": 9, "column": 38},
          "end": {"line": 9, "column": 101}
        },
        "type": "binary-expr",
        "locations": [
          {
            "start": {"line": 9, "column": 38},
            "end": {"line": 9, "column": 65}
          },
          {
            "start": {"line": 9, "column": 69},
            "end": {"line": 9, "column": 101}
          }
        ],
        "line": 9
      },
      "4": {
        "loc": {
          "start": {"line": 10, "column": 36},
          "end": {"line": 10, "column": 97}
        },
        "type": "binary-expr",
        "locations": [
          {
            "start": {"line": 10, "column": 36},
            "end": {"line": 10, "column": 61}
          },
          {
            "start": {"line": 10, "column": 65},
            "end": {"line": 10, "column": 97}
          }
        ],
        "line": 10
      },
      "5": {
        "loc": {
          "start": {"line": 12, "column": 8},
          "end": {"line": 14, "column": 9}
        },
        "type": "if",
        "locations": [
          {
            "start": {"line": 12, "column": 8},
            "end": {"line": 14, "column": 9}
          },
          {"start": {}, "end": {}}
        ],
        "line": 12
      },
      "6": {
        "loc": {
          "start": {"line": 18, "column": 8},
          "end": {"line": 24, "column": 9}
        },
        "type": "if",
        "locations": [
          {
            "start": {"line": 18, "column": 8},
            "end": {"line": 24, "column": 9}
          },
          {
            "start": {"line": 20, "column": 15},
            "end": {"line": 24, "column": 9}
          }
        ],
        "line": 18
      },
      "7": {
        "loc": {
          "start": {"line": 20, "column": 15},
          "end": {"line": 24, "column": 9}
        },
        "type": "if",
        "locations": [
          {
            "start": {"line": 20, "column": 15},
            "end": {"line": 24, "column": 9}
          },
          {
            "start": {"line": 22, "column": 15},
            "end": {"line": 24, "column": 9}
          }
        ],
        "line": 20
      },
      "8": {
        "loc": {
          "start": {"line": 22, "column": 15},
          "end": {"line": 24, "column": 9}
        },
        "type": "if",
        "locations": [
          {
            "start": {"line": 22, "column": 15},
            "end": {"line": 24, "column": 9}
          },
          {"start": {}, "end": {}}
        ],
        "line": 22
      }
    },
    "s": {
      "0": 9,
      "1": 9,
      "2": 9,
      "3": 9,
      "4": 9,
      "5": 9,
      "6": 9,
      "7": 1,
      "8": 9,
      "9": 1,
      "10": 8,
      "11": 1,
      "12": 7,
      "13": 1,
      "14": 2,
      "15": 2,
      "16": 2,
      "17": 2,
      "18": 0,
      "19": 0,
      "20": 0,
      "21": 0,
      "22": 0,
      "23": 0,
      "24": 2,
      "25": 2,
      "26": 2,
      "27": 2,
      "28": 1,
      "29": 1,
      "30": 1,
      "31": 1,
      "32": 1,
      "33": 1,
      "34": 1
    },
    "f": {"0": 9, "1": 9, "2": 2, "3": 2, "4": 0, "5": 2, "6": 2},
    "b": {
      "0": [9, 1],
      "1": [9, 3],
      "2": [9, 3],
      "3": [9, 3],
      "4": [9, 3],
      "5": [1, 8],
      "6": [1, 8],
      "7": [1, 7],
      "8": [1, 6]
    },
    "_coverageSchema": "1a1c01bbd47fc00a2c39e90264f33305004495a9",
    "hash": "5c3d4a8b7b9dfa281b834c8766e4eb7f03a119d8"
  },
  "/src/process-responder.js": {
    "path": "/src/process-responder.js",
    "statementMap": {
      "0": {
        "start": {"line": 6, "column": 4},
        "end": {"line": 8, "column": 5}
      },
      "1": {
        "start": {"line": 7, "column": 6},
        "end": {"line": 7, "column": 96}
      },
      "2": {
        "start": {"line": 9, "column": 4},
        "end": {"line": 9, "column": 30}
      }
    },
    "fnMap": {
      "0": {
        "name": "(anonymous_0)",
        "decl": {
          "start": {"line": 5, "column": 2},
          "end": {"line": 5, "column": 3}
        },
        "loc": {
          "start": {"line": 5, "column": 27},
          "end": {"line": 10, "column": 3}
        },
        "line": 5
      }
    },
    "branchMap": {
      "0": {
        "loc": {
          "start": {"line": 6, "column": 4},
          "end": {"line": 8, "column": 5}
        },
        "type": "if",
        "locations": [
          {
            "start": {"line": 6, "column": 4},
            "end": {"line": 8, "column": 5}
          },
          {"start": {}, "end": {}}
        ],
        "line": 6
      },
      "1": {
        "loc": {
          "start": {"line": 6, "column": 8},
          "end": {"line": 6, "column": 68}
        },
        "type": "binary-expr",
        "locations": [
          {
            "start": {"line": 6, "column": 8},
            "end": {"line": 6, "column": 42}
          },
          {
            "start": {"line": 6, "column": 46},
            "end": {"line": 6, "column": 68}
          }
        ],
        "line": 6
      }
    },
    "s": {"0": 0, "1": 0, "2": 0},
    "f": {"0": 0},
    "b": {"0": [0, 0], "1": [0, 0]}
  },
  "/src/slack-notify.js": {
    "path": "/src/slack-notify.js",
    "statementMap": {
      "0": {
        "start": {"line": 5, "column": 4},
        "end": {"line": 5, "column": 35}
      },
      "1": {
        "start": {"line": 6, "column": 4},
        "end": {"line": 6, "column": 58}
      },
      "2": {
        "start": {"line": 7, "column": 4},
        "end": {"line": 10, "column": 6}
      },
      "3": {
        "start": {"line": 11, "column": 4},
        "end": {"line": 13, "column": 5}
      },
      "4": {
        "start": {"line": 12, "column": 6},
        "end": {"line": 12, "column": 74}
      },
      "5": {
        "start": {"line": 17, "column": 4},
        "end": {"line": 71, "column": 7}
      },
      "6": {
        "start": {"line": 18, "column": 6},
        "end": {"line": 20, "column": 7}
      },
      "7": {
        "start": {"line": 19, "column": 8},
        "end": {"line": 19, "column": 73}
      },
      "8": {
        "start": {"line": 21, "column": 22},
        "end": {"line": 21, "column": 99}
      },
      "9": {
        "start": {"line": 22, "column": 22},
        "end": {"line": 22, "column": 92}
      },
      "10": {
        "start": {"line": 23, "column": 22},
        "end": {"line": 69, "column": 7}
      },
      "11": {
        "start": {"line": 70, "column": 6},
        "end": {"line": 70, "column": 23}
      },
      "12": {
        "start": {"line": 75, "column": 4},
        "end": {"line": 92, "column": 7}
      },
      "13": {
        "start": {"line": 76, "column": 6},
        "end": {"line": 78, "column": 7}
      },
      "14": {
        "start": {"line": 77, "column": 8},
        "end": {"line": 77, "column": 55}
      },
      "15": {
        "start": {"line": 79, "column": 22},
        "end": {"line": 81, "column": 31}
      },
      "16": {
        "start": {"line": 80, "column": 8},
        "end": {"line": 80, "column": 65}
      },
      "17": {
        "start": {"line": 84, "column": 20},
        "end": {"line": 84, "column": 52}
      },
      "18": {
        "start": {"line": 85, "column": 6},
        "end": {"line": 91, "column": 11}
      },
      "19": {
        "start": {"line": 87, "column": 20},
        "end": {"line": 87, "column": 29}
      },
      "20": {
        "start": {"line": 89, "column": 10},
        "end": {"line": 89, "column": 32}
      },
      "21": {
        "start": {"line": 90, "column": 10},
        "end": {"line": 90, "column": 22}
      }
    },
    "fnMap": {
      "0": {
        "name": "(anonymous_0)",
        "decl": {
          "start": {"line": 4, "column": 2},
          "end": {"line": 4, "column": 3}
        },
        "loc": {
          "start": {"line": 4, "column": 24},
          "end": {"line": 14, "column": 3}
        },
        "line": 4
      },
      "1": {
        "name": "(anonymous_1)",
        "decl": {
          "start": {"line": 16, "column": 2},
          "end": {"line": 16, "column": 3}
        },
        "loc": {
          "start": {"line": 16, "column": 29},
          "end": {"line": 72, "column": 3}
        },
        "line": 16
      },
      "2": {
        "name": "(anonymous_2)",
        "decl": {
          "start": {"line": 17, "column": 23},
          "end": {"line": 17, "column": 24}
        },
        "loc": {
          "start": {"line": 17, "column": 44},
          "end": {"line": 71, "column": 5}
        },
        "line": 17
      },
      "3": {
        "name": "(anonymous_3)",
        "decl": {
          "start": {"line": 74, "column": 2},
          "end": {"line": 74, "column": 3}
        },
        "loc": {
          "start": {"line": 74, "column": 28},
          "end": {"line": 93, "column": 3}
        },
        "line": 74
      },
      "4": {
        "name": "(anonymous_4)",
        "decl": {
          "start": {"line": 75, "column": 23},
          "end": {"line": 75, "column": 24}
        },
        "loc": {
          "start": {"line": 75, "column": 44},
          "end": {"line": 92, "column": 5}
        },
        "line": 75
      },
      "5": {
        "name": "(anonymous_5)",
        "decl": {
          "start": {"line": 79, "column": 33},
          "end": {"line": 79, "column": 34}
        },
        "loc": {
          "start": {"line": 79, "column": 39},
          "end": {"line": 81, "column": 7}
        },
        "line": 79
      },
      "6": {
        "name": "(anonymous_6)",
        "decl": {
          "start": {"line": 87, "column": 14},
          "end": {"line": 87, "column": 15}
        },
        "loc": {
          "start": {"line": 87, "column": 20},
          "end": {"line": 87, "column": 29}
        },
        "line": 87
      },
      "7": {
        "name": "(anonymous_7)",
        "decl": {
          "start": {"line": 88, "column": 15},
          "end": {"line": 88, "column": 16}
        },
        "loc": {
          "start": {"line": 88, "column": 22},
          "end": {"line": 91, "column": 9}
        },
        "line": 88
      }
    },
    "branchMap": {
      "0": {
        "loc": {
          "start": {"line": 5, "column": 20},
          "end": {"line": 5, "column": 34}
        },
        "type": "binary-expr",
        "locations": [
          {
            "start": {"line": 5, "column": 20},
            "end": {"line": 5, "column": 28}
          },
          {
            "start": {"line": 5, "column": 32},
            "end": {"line": 5, "column": 34}
          }
        ],
        "line": 5
      },
      "1": {
        "loc": {
          "start": {"line": 6, "column": 28},
          "end": {"line": 6, "column": 57}
        },
        "type": "binary-expr",
        "locations": [
          {
            "start": {"line": 6, "column": 28},
            "end": {"line": 6, "column": 49}
          },
          {
            "start": {"line": 6, "column": 53},
            "end": {"line": 6, "column": 57}
          }
        ],
        "line": 6
      },
      "2": {
        "loc": {
          "start": {"line": 11, "column": 4},
          "end": {"line": 13, "column": 5}
        },
        "type": "if",
        "locations": [
          {
            "start": {"line": 11, "column": 4},
            "end": {"line": 13, "column": 5}
          },
          {"start": {}, "end": {}}
        ],
        "line": 11
      },
      "3": {
        "loc": {
          "start": {"line": 18, "column": 6},
          "end": {"line": 20, "column": 7}
        },
        "type": "if",
        "locations": [
          {
            "start": {"line": 18, "column": 6},
            "end": {"line": 20, "column": 7}
          },
          {"start": {}, "end": {}}
        ],
        "line": 18
      },
      "4": {
        "loc": {
          "start": {"line": 18, "column": 10},
          "end": {"line": 18, "column": 48}
        },
        "type": "binary-expr",
        "locations": [
          {
            "start": {"line": 18, "column": 10},
            "end": {"line": 18, "column": 15}
          },
          {
            "start": {"line": 18, "column": 19},
            "end": {"line": 18, "column": 33}
          },
          {
            "start": {"line": 18, "column": 37},
            "end": {"line": 18, "column": 48}
          }
        ],
        "line": 18
      },
      "5": {
        "loc": {
          "start": {"line": 21, "column": 22},
          "end": {"line": 21, "column": 99}
        },
        "type": "cond-expr",
        "locations": [
          {
            "start": {"line": 21, "column": 46},
            "end": {"line": 21, "column": 71}
          },
          {
            "start": {"line": 21, "column": 74},
            "end": {"line": 21, "column": 99}
          }
        ],
        "line": 21
      },
      "6": {
        "loc": {
          "start": {"line": 22, "column": 22},
          "end": {"line": 22, "column": 92}
        },
        "type": "cond-expr",
        "locations": [
          {
            "start": {"line": 22, "column": 53},
            "end": {"line": 22, "column": 71}
          },
          {
            "start": {"line": 22, "column": 74},
            "end": {"line": 22, "column": 92}
          }
        ],
        "line": 22
      },
      "7": {
        "loc": {
          "start": {"line": 76, "column": 6},
          "end": {"line": 78, "column": 7}
        },
        "type": "if",
        "locations": [
          {
            "start": {"line": 76, "column": 6},
            "end": {"line": 78, "column": 7}
          },
          {"start": {}, "end": {}}
        ],
        "line": 76
      }
    },
    "s": {
      "0": 0,
      "1": 0,
      "2": 0,
      "3": 0,
      "4": 0,
      "5": 0,
      "6": 0,
      "7": 0,
      "8": 0,
      "9": 0,
      "10": 0,
      "11": 0,
      "12": 0,
      "13": 0,
      "14": 0,
      "15": 0,
      "16": 0,
      "17": 0,
      "18": 0,
      "19": 0,
      "20": 0,
      "21": 0
    },
    "f": {"0": 0, "1": 0, "2": 0, "3": 0, "4": 0, "5": 0, "6": 0, "7": 0},
    "b": {
      "0": [0, 0],
      "1": [0, 0],
      "2": [0, 0],
      "3": [0, 0],
      "4": [0, 0, 0],
      "5": [0, 0],
      "6": [0, 0],
      "7": [0, 0]
    }
  },
  "/src/text-notify.js": {
    "path": "/src/text-notify.js",
    "statementMap": {
      "0": {
        "start": {"line": 5, "column": 4},
        "end": {"line": 5, "column": 21}
      },
      "1": {
        "start": {"line": 6, "column": 4},
        "end": {"line": 6, "column": 99}
      },
      "2": {
        "start": {"line": 7, "column": 4},
        "end": {"line": 7, "column": 99}
      },
      "3": {
        "start": {"line": 11, "column": 4},
        "end": {"line": 11, "column": 61}
      },
      "4": {
        "start": {"line": 16, "column": 4},
        "end": {"line": 18, "column": 5}
      },
      "5": {
        "start": {"line": 17, "column": 6},
        "end": {"line": 17, "column": 54}
      },
      "6": {
        "start": {"line": 19, "column": 4},
        "end": {"line": 27, "column": 5}
      },
      "7": {
        "start": {"line": 20, "column": 20},
        "end": {"line": 20, "column": 57}
      },
      "8": {
        "start": {"line": 21, "column": 6},
        "end": {"line": 21, "column": 155}
      },
      "9": {
        "start": {"line": 22, "column": 6},
        "end": {"line": 22, "column": 86}
      },
      "10": {
        "start": {"line": 24, "column": 20},
        "end": {"line": 24, "column": 57}
      },
      "11": {
        "start": {"line": 25, "column": 6},
        "end": {"line": 25, "column": 159}
      },
      "12": {
        "start": {"line": 26, "column": 6},
        "end": {"line": 26, "column": 80}
      }
    },
    "fnMap": {
      "0": {
        "name": "(anonymous_0)",
        "decl": {
          "start": {"line": 4, "column": 2},
          "end": {"line": 4, "column": 3}
        },
        "loc": {
          "start": {"line": 4, "column": 16},
          "end": {"line": 8, "column": 3}
        },
        "line": 4
      },
      "1": {
        "name": "(anonymous_1)",
        "decl": {
          "start": {"line": 10, "column": 2},
          "end": {"line": 10, "column": 3}
        },
        "loc": {
          "start": {"line": 10, "column": 26},
          "end": {"line": 12, "column": 3}
        },
        "line": 10
      },
      "2": {
        "name": "(anonymous_2)",
        "decl": {
          "start": {"line": 15, "column": 2},
          "end": {"line": 15, "column": 3}
        },
        "loc": {
          "start": {"line": 15, "column": 22},
          "end": {"line": 28, "column": 3}
        },
        "line": 15
      }
    },
    "branchMap": {
      "0": {
        "loc": {
          "start": {"line": 16, "column": 4},
          "end": {"line": 18, "column": 5}
        },
        "type": "if",
        "locations": [
          {
            "start": {"line": 16, "column": 4},
            "end": {"line": 18, "column": 5}
          },
          {"start": {}, "end": {}}
        ],
        "line": 16
      },
      "1": {
        "loc": {
          "start": {"line": 16, "column": 8},
          "end": {"line": 16, "column": 31}
        },
        "type": "binary-expr",
        "locations": [
          {
            "start": {"line": 16, "column": 8},
            "end": {"line": 16, "column": 13}
          },
          {
            "start": {"line": 16, "column": 17},
            "end": {"line": 16, "column": 31}
          }
        ],
        "line": 16
      },
      "2": {
        "loc": {
          "start": {"line": 19, "column": 4},
          "end": {"line": 27, "column": 5}
        },
        "type": "if",
        "locations": [
          {
            "start": {"line": 19, "column": 4},
            "end": {"line": 27, "column": 5}
          },
          {
            "start": {"line": 23, "column": 11},
            "end": {"line": 27, "column": 5}
          }
        ],
        "line": 19
      }
    },
    "s": {
      "0": 0,
      "1": 0,
      "2": 0,
      "3": 0,
      "4": 0,
      "5": 0,
      "6": 0,
      "7": 0,
      "8": 0,
      "9": 0,
      "10": 0,
      "11": 0,
      "12": 0
    },
    "f": {"0": 0, "1": 0, "2": 0},
    "b": {"0": [0, 0], "1": [0, 0], "2": [0, 0]}
  }
}
